<?xml version="1.0" encoding="UTF-8"?>
<testsuites>
  <testsuite id="0" name="/media/vindaloo/Stuff/workspace/projects/dom-reducer/index.spec.js" errors="0" package="/media/vindaloo/Stuff/workspace/projects/dom-reducer/index.spec.js" hostname="localhost" tests="3" failures="0" time="0.822" timestamp="2017-10-22T12:50:04">
    <properties>
    </properties>
    <testcase classname="tagCount" name="should return count of all dom elements with provided tag name" time="0">
    </testcase>
    <testcase classname="tagCount" name="should be resilient to incorrect values passed as nodes" time="0">
    </testcase>
    <testcase classname="attributeCount" name="should count provided attributes from the given node" time="0">
    </testcase>
    <system-out/>
    <system-err/>
  </testsuite>
</testsuites>